{{ utils.start_conditional('publisher', 'hudson.tasks.junit.JUnitResultArchiver', in_conditional) }}
  <testResults>{{ publisher.results or "*.xml" }}</testResults>
  <keepLongStdio>false</keepLongStdio>
  <testDataPublishers/>
{{ utils.end_conditional('publisher', 'hudson.tasks.junit.JUnitResultArchiver', in_conditional) }}
